<?xml version="1.0" encoding="UTF-8"?>
<!-- Generated by org.testng.reporters.JUnitReportReporter -->
<testsuite hostname="THE_RAIN" failures="0" tests="1" name="com.testCase.LoginTestCase" time="52.079" errors="0" timestamp="2021-08-07T12:23:23 IST" skipped="0">
  <testcase classname="com.testCase.LoginTestCase" name="login" time="52.079"/>
  <system-out/>
</testsuite> <!-- com.testCase.LoginTestCase -->
