<?xml version="1.0" encoding="UTF-8"?>
<!-- Generated by org.testng.reporters.JUnitReportReporter -->
<testsuite hostname="THE_RAIN" failures="0" tests="2" name="com.testCase.AdminTestCase" time="86.318" errors="0" timestamp="2021-08-07T12:23:23 IST" skipped="0">
  <testcase classname="com.testCase.AdminTestCase" name="login" time="71.733"/>
  <system-out/>
  <testcase classname="com.testCase.AdminTestCase" name="adminClick" time="14.585"/>
  <system-out/>
</testsuite> <!-- com.testCase.AdminTestCase -->
