<?xml version="1.0" encoding="UTF-8"?>
<!-- Generated by org.testng.reporters.JUnitReportReporter -->
<testsuite hostname="admin-PC" failures="0" tests="2" name="com.testCase.AdminTestCase" time="10.008" errors="0" timestamp="05 Aug 2021 15:19:45 GMT" skipped="0">
  <testcase classname="com.testCase.AdminTestCase" name="login" time="6.681"/>
  <testcase classname="com.testCase.AdminTestCase" name="adminClick" time="3.327"/>
</testsuite> <!-- com.testCase.AdminTestCase -->
