<?xml version="1.0" encoding="UTF-8"?>
<!-- Generated by org.testng.reporters.JUnitReportReporter -->
<testsuite hostname="admin-PC" failures="0" tests="1" name="com.testCase.LoginTestCase" time="9.430" errors="0" timestamp="05 Aug 2021 15:19:45 GMT" skipped="0">
  <testcase classname="com.testCase.LoginTestCase" name="login" time="9.430"/>
</testsuite> <!-- com.testCase.LoginTestCase -->
